Determining if the pthread_create exist failed with the following output:
Change Dir: /home/mob/Documents/C-C/elfparser/CMakeFiles/CMakeTmp

Run Build Command:"/usr/bin/make" "cmTC_ac97d/fast"
make[1]: Entering directory '/home/mob/Documents/C-C/elfparser/CMakeFiles/CMakeTmp'
/usr/bin/make -f CMakeFiles/cmTC_ac97d.dir/build.make CMakeFiles/cmTC_ac97d.dir/build
make[2]: Entering directory '/home/mob/Documents/C-C/elfparser/CMakeFiles/CMakeTmp'
Building C object CMakeFiles/cmTC_ac97d.dir/CheckSymbolExists.c.o
/usr/bin/cc    -o CMakeFiles/cmTC_ac97d.dir/CheckSymbolExists.c.o   -c /home/mob/Documents/C-C/elfparser/CMakeFiles/CMakeTmp/CheckSymbolExists.c
Linking C executable cmTC_ac97d
/usr/bin/cmake -E cmake_link_script CMakeFiles/cmTC_ac97d.dir/link.txt --verbose=1
/usr/bin/cc      -rdynamic CMakeFiles/cmTC_ac97d.dir/CheckSymbolExists.c.o  -o cmTC_ac97d 
/usr/bin/ld: CMakeFiles/cmTC_ac97d.dir/CheckSymbolExists.c.o: na função "main":
CheckSymbolExists.c:(.text+0x16): referência não definida para "pthread_create"
collect2: error: ld returned 1 exit status
make[2]: *** [CMakeFiles/cmTC_ac97d.dir/build.make:87: cmTC_ac97d] Error 1
make[2]: Leaving directory '/home/mob/Documents/C-C/elfparser/CMakeFiles/CMakeTmp'
make[1]: *** [Makefile:121: cmTC_ac97d/fast] Error 2
make[1]: Leaving directory '/home/mob/Documents/C-C/elfparser/CMakeFiles/CMakeTmp'

File /home/mob/Documents/C-C/elfparser/CMakeFiles/CMakeTmp/CheckSymbolExists.c:
/* */
#include <pthread.h>

int main(int argc, char** argv)
{
  (void)argv;
#ifndef pthread_create
  return ((int*)(&pthread_create))[argc];
#else
  (void)argc;
  return 0;
#endif
}

Determining if the function pthread_create exists in the pthreads failed with the following output:
Change Dir: /home/mob/Documents/C-C/elfparser/CMakeFiles/CMakeTmp

Run Build Command:"/usr/bin/make" "cmTC_663ba/fast"
make[1]: Entering directory '/home/mob/Documents/C-C/elfparser/CMakeFiles/CMakeTmp'
/usr/bin/make -f CMakeFiles/cmTC_663ba.dir/build.make CMakeFiles/cmTC_663ba.dir/build
make[2]: Entering directory '/home/mob/Documents/C-C/elfparser/CMakeFiles/CMakeTmp'
Building C object CMakeFiles/cmTC_663ba.dir/CheckFunctionExists.c.o
/usr/bin/cc   -DCHECK_FUNCTION_EXISTS=pthread_create   -o CMakeFiles/cmTC_663ba.dir/CheckFunctionExists.c.o   -c /usr/share/cmake-3.13/Modules/CheckFunctionExists.c
Linking C executable cmTC_663ba
/usr/bin/cmake -E cmake_link_script CMakeFiles/cmTC_663ba.dir/link.txt --verbose=1
/usr/bin/cc  -DCHECK_FUNCTION_EXISTS=pthread_create    -rdynamic CMakeFiles/cmTC_663ba.dir/CheckFunctionExists.c.o  -o cmTC_663ba -lpthreads 
/usr/bin/ld: não foi possível localizar -lpthreads
collect2: error: ld returned 1 exit status
make[2]: *** [CMakeFiles/cmTC_663ba.dir/build.make:87: cmTC_663ba] Error 1
make[2]: Leaving directory '/home/mob/Documents/C-C/elfparser/CMakeFiles/CMakeTmp'
make[1]: *** [Makefile:121: cmTC_663ba/fast] Error 2
make[1]: Leaving directory '/home/mob/Documents/C-C/elfparser/CMakeFiles/CMakeTmp'


